
> wcssc@0.1.0 dev
> next dev --turbopack

▲ Next.js 16.2.3 (Turbopack)
- Local:         http://localhost:3000
- Network:       http://192.168.0.2:3000
✓ Ready in 537ms
⚠ `eslint` configuration in next.config.ts is no longer supported. See more info here: https://nextjs.org/docs/app/api-reference/cli/next#next-lint-options
⚠ Invalid next.config.ts options detected:
⚠     Unrecognized key(s) in object: 'eslint'
⚠ See more info here: https://nextjs.org/docs/messages/invalid-next-config
Attention: Next.js now collects completely anonymous telemetry regarding usage.
This information is used to shape Next.js' roadmap and prioritize features.
You can learn more, including how to opt-out if you'd not like to participate in this anonymous program, by visiting the following URL:
https://nextjs.org/telemetry


○ Compiling / ...
 GET / 200 in 12.0s (next.js: 10.6s, application-code: 1379ms)
[browser] AdSense head tag doesn't support data-nscript attribute. (https://pagead2.googlesyndication.com/pagead/js/adsbygoogle.js?client=ca-pub-9902783604679065:289:320)
[browser] Uncaught TagError: adsbygoogle.push() error: Only one 'enable_page_level_ads' allowed per page.
    at wq (https://pagead2.googlesyndication.com/pagead/js/adsbygoogle.js?client=ca-pub-9902783604679065:243:145)
    at Ps (https://pagead2.googlesyndication.com/pagead/js/adsbygoogle.js?client=ca-pub-9902783604679065:287:465)
    at c (https://pagead2.googlesyndication.com/pagead/js/adsbygoogle.js?client=ca-pub-9902783604679065:288:93)
    at Rs (https://pagead2.googlesyndication.com/pagead/js/adsbygoogle.js?client=ca-pub-9902783604679065:288:213)
    at bt (https://pagead2.googlesyndication.com/pagead/js/adsbygoogle.js?client=ca-pub-9902783604679065:300:282)
    at Ss (https://pagead2.googlesyndication.com/pagead/js/adsbygoogle.js?client=ca-pub-9902783604679065:297:208)
    at <unknown> (https://pagead2.googlesyndication.com/pagead/js/adsbygoogle.js?client=ca-pub-9902783604679065:289:51)
    at r.na (https://pagead2.googlesyndication.com/pagead/js/adsbygoogle.js?client=ca-pub-9902783604679065:139:674)
    at el (https://pagead2.googlesyndication.com/pagead/js/adsbygoogle.js?client=ca-pub-9902783604679065:140:1134)
    at Ns (https://pagead2.googlesyndication.com/pagead/js/adsbygoogle.js?client=ca-pub-9902783604679065:289:33)
    at Ms (https://pagead2.googlesyndication.com/pagead/js/adsbygoogle.js?client=ca-pub-9902783604679065:286:140)
    at <unknown> (https://pagead2.googlesyndication.com/pagead/js/adsbygoogle.js?client=ca-pub-9902783604679065:311:188)
    at r.na (https://pagead2.googlesyndication.com/pagead/js/adsbygoogle.js?client=ca-pub-9902783604679065:139:674)
    at el (https://pagead2.googlesyndication.com/pagead/js/adsbygoogle.js?client=ca-pub-9902783604679065:140:1134)
    at <unknown> (https://pagead2.googlesyndication.com/pagead/js/adsbygoogle.js?client=ca-pub-9902783604679065:309:857)
    at <unknown> (https://pagead2.googlesyndication.com/pagead/js/adsbygoogle.js?client=ca-pub-9902783604679065:311:247)
    at <unknown> (https://pagead2.googlesyndication.com/pagead/js/adsbygoogle.js?client=ca-pub-9902783604679065:312:4)
 GET / 200 in 187ms (next.js: 6ms, application-code: 181ms)
[browser] AdSense head tag doesn't support data-nscript attribute. (https://pagead2.googlesyndication.com/pagead/js/adsbygoogle.js?client=ca-pub-9902783604679065:289:320)
[browser] Uncaught TagError: adsbygoogle.push() error: Only one 'enable_page_level_ads' allowed per page.
    at wq (https://pagead2.googlesyndication.com/pagead/js/adsbygoogle.js?client=ca-pub-9902783604679065:243:145)
    at Ps (https://pagead2.googlesyndication.com/pagead/js/adsbygoogle.js?client=ca-pub-9902783604679065:287:465)
    at c (https://pagead2.googlesyndication.com/pagead/js/adsbygoogle.js?client=ca-pub-9902783604679065:288:93)
    at Rs (https://pagead2.googlesyndication.com/pagead/js/adsbygoogle.js?client=ca-pub-9902783604679065:288:213)
    at bt (https://pagead2.googlesyndication.com/pagead/js/adsbygoogle.js?client=ca-pub-9902783604679065:300:282)
    at Ss (https://pagead2.googlesyndication.com/pagead/js/adsbygoogle.js?client=ca-pub-9902783604679065:297:208)
    at <unknown> (https://pagead2.googlesyndication.com/pagead/js/adsbygoogle.js?client=ca-pub-9902783604679065:289:51)
    at r.na (https://pagead2.googlesyndication.com/pagead/js/adsbygoogle.js?client=ca-pub-9902783604679065:139:674)
    at el (https://pagead2.googlesyndication.com/pagead/js/adsbygoogle.js?client=ca-pub-9902783604679065:140:1134)
    at Ns (https://pagead2.googlesyndication.com/pagead/js/adsbygoogle.js?client=ca-pub-9902783604679065:289:33)
    at Ms (https://pagead2.googlesyndication.com/pagead/js/adsbygoogle.js?client=ca-pub-9902783604679065:286:140)
    at <unknown> (https://pagead2.googlesyndication.com/pagead/js/adsbygoogle.js?client=ca-pub-9902783604679065:311:188)
    at r.na (https://pagead2.googlesyndication.com/pagead/js/adsbygoogle.js?client=ca-pub-9902783604679065:139:674)
    at el (https://pagead2.googlesyndication.com/pagead/js/adsbygoogle.js?client=ca-pub-9902783604679065:140:1134)
    at <unknown> (https://pagead2.googlesyndication.com/pagead/js/adsbygoogle.js?client=ca-pub-9902783604679065:309:857)
    at <unknown> (https://pagead2.googlesyndication.com/pagead/js/adsbygoogle.js?client=ca-pub-9902783604679065:311:247)
    at <unknown> (https://pagead2.googlesyndication.com/pagead/js/adsbygoogle.js?client=ca-pub-9902783604679065:312:4)
 GET / 200 in 212ms (next.js: 10ms, application-code: 202ms)
[browser] AdSense head tag doesn't support data-nscript attribute. (https://pagead2.googlesyndication.com/pagead/js/adsbygoogle.js?client=ca-pub-9902783604679065:289:320)
[browser] Uncaught TagError: adsbygoogle.push() error: Only one 'enable_page_level_ads' allowed per page.
    at wq (https://pagead2.googlesyndication.com/pagead/js/adsbygoogle.js?client=ca-pub-9902783604679065:243:145)
    at Ps (https://pagead2.googlesyndication.com/pagead/js/adsbygoogle.js?client=ca-pub-9902783604679065:287:465)
    at c (https://pagead2.googlesyndication.com/pagead/js/adsbygoogle.js?client=ca-pub-9902783604679065:288:93)
    at Rs (https://pagead2.googlesyndication.com/pagead/js/adsbygoogle.js?client=ca-pub-9902783604679065:288:213)
    at bt (https://pagead2.googlesyndication.com/pagead/js/adsbygoogle.js?client=ca-pub-9902783604679065:300:282)
    at Ss (https://pagead2.googlesyndication.com/pagead/js/adsbygoogle.js?client=ca-pub-9902783604679065:297:208)
    at <unknown> (https://pagead2.googlesyndication.com/pagead/js/adsbygoogle.js?client=ca-pub-9902783604679065:289:51)
    at r.na (https://pagead2.googlesyndication.com/pagead/js/adsbygoogle.js?client=ca-pub-9902783604679065:139:674)
    at el (https://pagead2.googlesyndication.com/pagead/js/adsbygoogle.js?client=ca-pub-9902783604679065:140:1134)
    at Ns (https://pagead2.googlesyndication.com/pagead/js/adsbygoogle.js?client=ca-pub-9902783604679065:289:33)
    at Ms (https://pagead2.googlesyndication.com/pagead/js/adsbygoogle.js?client=ca-pub-9902783604679065:286:140)
    at <unknown> (https://pagead2.googlesyndication.com/pagead/js/adsbygoogle.js?client=ca-pub-9902783604679065:311:188)
    at r.na (https://pagead2.googlesyndication.com/pagead/js/adsbygoogle.js?client=ca-pub-9902783604679065:139:674)
    at el (https://pagead2.googlesyndication.com/pagead/js/adsbygoogle.js?client=ca-pub-9902783604679065:140:1134)
    at <unknown> (https://pagead2.googlesyndication.com/pagead/js/adsbygoogle.js?client=ca-pub-9902783604679065:309:857)
    at <unknown> (https://pagead2.googlesyndication.com/pagead/js/adsbygoogle.js?client=ca-pub-9902783604679065:311:247)
    at <unknown> (https://pagead2.googlesyndication.com/pagead/js/adsbygoogle.js?client=ca-pub-9902783604679065:312:4)
 GET / 200 in 167ms (next.js: 3ms, application-code: 164ms)
[browser] AdSense head tag doesn't support data-nscript attribute. (https://pagead2.googlesyndication.com/pagead/js/adsbygoogle.js?client=ca-pub-9902783604679065:289:320)
[browser] Uncaught TagError: adsbygoogle.push() error: Only one 'enable_page_level_ads' allowed per page.
    at wq (https://pagead2.googlesyndication.com/pagead/js/adsbygoogle.js?client=ca-pub-9902783604679065:243:145)
    at Ps (https://pagead2.googlesyndication.com/pagead/js/adsbygoogle.js?client=ca-pub-9902783604679065:287:465)
    at c (https://pagead2.googlesyndication.com/pagead/js/adsbygoogle.js?client=ca-pub-9902783604679065:288:93)
    at Rs (https://pagead2.googlesyndication.com/pagead/js/adsbygoogle.js?client=ca-pub-9902783604679065:288:213)
    at bt (https://pagead2.googlesyndication.com/pagead/js/adsbygoogle.js?client=ca-pub-9902783604679065:300:282)
    at Ss (https://pagead2.googlesyndication.com/pagead/js/adsbygoogle.js?client=ca-pub-9902783604679065:297:208)
    at <unknown> (https://pagead2.googlesyndication.com/pagead/js/adsbygoogle.js?client=ca-pub-9902783604679065:289:51)
    at r.na (https://pagead2.googlesyndication.com/pagead/js/adsbygoogle.js?client=ca-pub-9902783604679065:139:674)
    at el (https://pagead2.googlesyndication.com/pagead/js/adsbygoogle.js?client=ca-pub-9902783604679065:140:1134)
    at Ns (https://pagead2.googlesyndication.com/pagead/js/adsbygoogle.js?client=ca-pub-9902783604679065:289:33)
    at Ms (https://pagead2.googlesyndication.com/pagead/js/adsbygoogle.js?client=ca-pub-9902783604679065:286:140)
    at <unknown> (https://pagead2.googlesyndication.com/pagead/js/adsbygoogle.js?client=ca-pub-9902783604679065:311:188)
    at r.na (https://pagead2.googlesyndication.com/pagead/js/adsbygoogle.js?client=ca-pub-9902783604679065:139:674)
    at el (https://pagead2.googlesyndication.com/pagead/js/adsbygoogle.js?client=ca-pub-9902783604679065:140:1134)
    at <unknown> (https://pagead2.googlesyndication.com/pagead/js/adsbygoogle.js?client=ca-pub-9902783604679065:309:857)
    at <unknown> (https://pagead2.googlesyndication.com/pagead/js/adsbygoogle.js?client=ca-pub-9902783604679065:311:247)
    at <unknown> (https://pagead2.googlesyndication.com/pagead/js/adsbygoogle.js?client=ca-pub-9902783604679065:312:4)
 GET / 200 in 216ms (next.js: 4ms, application-code: 212ms)
[browser] AdSense head tag doesn't support data-nscript attribute. (https://pagead2.googlesyndication.com/pagead/js/adsbygoogle.js?client=ca-pub-9902783604679065:289:320)
[browser] Uncaught TagError: adsbygoogle.push() error: Only one 'enable_page_level_ads' allowed per page.
    at wq (https://pagead2.googlesyndication.com/pagead/js/adsbygoogle.js?client=ca-pub-9902783604679065:243:145)
    at Ps (https://pagead2.googlesyndication.com/pagead/js/adsbygoogle.js?client=ca-pub-9902783604679065:287:465)
    at c (https://pagead2.googlesyndication.com/pagead/js/adsbygoogle.js?client=ca-pub-9902783604679065:288:93)
    at Rs (https://pagead2.googlesyndication.com/pagead/js/adsbygoogle.js?client=ca-pub-9902783604679065:288:213)
    at bt (https://pagead2.googlesyndication.com/pagead/js/adsbygoogle.js?client=ca-pub-9902783604679065:300:282)
    at Ss (https://pagead2.googlesyndication.com/pagead/js/adsbygoogle.js?client=ca-pub-9902783604679065:297:208)
    at <unknown> (https://pagead2.googlesyndication.com/pagead/js/adsbygoogle.js?client=ca-pub-9902783604679065:289:51)
    at r.na (https://pagead2.googlesyndication.com/pagead/js/adsbygoogle.js?client=ca-pub-9902783604679065:139:674)
    at el (https://pagead2.googlesyndication.com/pagead/js/adsbygoogle.js?client=ca-pub-9902783604679065:140:1134)
    at Ns (https://pagead2.googlesyndication.com/pagead/js/adsbygoogle.js?client=ca-pub-9902783604679065:289:33)
    at Ms (https://pagead2.googlesyndication.com/pagead/js/adsbygoogle.js?client=ca-pub-9902783604679065:286:140)
    at <unknown> (https://pagead2.googlesyndication.com/pagead/js/adsbygoogle.js?client=ca-pub-9902783604679065:311:188)
    at r.na (https://pagead2.googlesyndication.com/pagead/js/adsbygoogle.js?client=ca-pub-9902783604679065:139:674)
    at el (https://pagead2.googlesyndication.com/pagead/js/adsbygoogle.js?client=ca-pub-9902783604679065:140:1134)
    at <unknown> (https://pagead2.googlesyndication.com/pagead/js/adsbygoogle.js?client=ca-pub-9902783604679065:309:857)
    at <unknown> (https://pagead2.googlesyndication.com/pagead/js/adsbygoogle.js?client=ca-pub-9902783604679065:311:247)
    at <unknown> (https://pagead2.googlesyndication.com/pagead/js/adsbygoogle.js?client=ca-pub-9902783604679065:312:4)
 GET / 200 in 204ms (next.js: 4ms, application-code: 200ms)
[browser] AdSense head tag doesn't support data-nscript attribute. (https://pagead2.googlesyndication.com/pagead/js/adsbygoogle.js?client=ca-pub-9902783604679065:289:320)
[browser] Uncaught TagError: adsbygoogle.push() error: Only one 'enable_page_level_ads' allowed per page.
    at wq (https://pagead2.googlesyndication.com/pagead/js/adsbygoogle.js?client=ca-pub-9902783604679065:243:145)
    at Ps (https://pagead2.googlesyndication.com/pagead/js/adsbygoogle.js?client=ca-pub-9902783604679065:287:465)
    at c (https://pagead2.googlesyndication.com/pagead/js/adsbygoogle.js?client=ca-pub-9902783604679065:288:93)
    at Rs (https://pagead2.googlesyndication.com/pagead/js/adsbygoogle.js?client=ca-pub-9902783604679065:288:213)
    at bt (https://pagead2.googlesyndication.com/pagead/js/adsbygoogle.js?client=ca-pub-9902783604679065:300:282)
    at Ss (https://pagead2.googlesyndication.com/pagead/js/adsbygoogle.js?client=ca-pub-9902783604679065:297:208)
    at <unknown> (https://pagead2.googlesyndication.com/pagead/js/adsbygoogle.js?client=ca-pub-9902783604679065:289:51)
    at r.na (https://pagead2.googlesyndication.com/pagead/js/adsbygoogle.js?client=ca-pub-9902783604679065:139:674)
    at el (https://pagead2.googlesyndication.com/pagead/js/adsbygoogle.js?client=ca-pub-9902783604679065:140:1134)
    at Ns (https://pagead2.googlesyndication.com/pagead/js/adsbygoogle.js?client=ca-pub-9902783604679065:289:33)
    at Ms (https://pagead2.googlesyndication.com/pagead/js/adsbygoogle.js?client=ca-pub-9902783604679065:286:140)
    at <unknown> (https://pagead2.googlesyndication.com/pagead/js/adsbygoogle.js?client=ca-pub-9902783604679065:311:188)
    at r.na (https://pagead2.googlesyndication.com/pagead/js/adsbygoogle.js?client=ca-pub-9902783604679065:139:674)
    at el (https://pagead2.googlesyndication.com/pagead/js/adsbygoogle.js?client=ca-pub-9902783604679065:140:1134)
    at <unknown> (https://pagead2.googlesyndication.com/pagead/js/adsbygoogle.js?client=ca-pub-9902783604679065:309:857)
    at <unknown> (https://pagead2.googlesyndication.com/pagead/js/adsbygoogle.js?client=ca-pub-9902783604679065:311:247)
    at <unknown> (https://pagead2.googlesyndication.com/pagead/js/adsbygoogle.js?client=ca-pub-9902783604679065:312:4)
 GET / 200 in 206ms (next.js: 3ms, application-code: 202ms)
[browser] AdSense head tag doesn't support data-nscript attribute. (https://pagead2.googlesyndication.com/pagead/js/adsbygoogle.js?client=ca-pub-9902783604679065:289:320)
[browser] Uncaught TagError: adsbygoogle.push() error: Only one 'enable_page_level_ads' allowed per page.
    at wq (https://pagead2.googlesyndication.com/pagead/js/adsbygoogle.js?client=ca-pub-9902783604679065:243:145)
    at Ps (https://pagead2.googlesyndication.com/pagead/js/adsbygoogle.js?client=ca-pub-9902783604679065:287:465)
    at c (https://pagead2.googlesyndication.com/pagead/js/adsbygoogle.js?client=ca-pub-9902783604679065:288:93)
    at Rs (https://pagead2.googlesyndication.com/pagead/js/adsbygoogle.js?client=ca-pub-9902783604679065:288:213)
    at bt (https://pagead2.googlesyndication.com/pagead/js/adsbygoogle.js?client=ca-pub-9902783604679065:300:282)
    at Ss (https://pagead2.googlesyndication.com/pagead/js/adsbygoogle.js?client=ca-pub-9902783604679065:297:208)
    at <unknown> (https://pagead2.googlesyndication.com/pagead/js/adsbygoogle.js?client=ca-pub-9902783604679065:289:51)
    at r.na (https://pagead2.googlesyndication.com/pagead/js/adsbygoogle.js?client=ca-pub-9902783604679065:139:674)
    at el (https://pagead2.googlesyndication.com/pagead/js/adsbygoogle.js?client=ca-pub-9902783604679065:140:1134)
    at Ns (https://pagead2.googlesyndication.com/pagead/js/adsbygoogle.js?client=ca-pub-9902783604679065:289:33)
    at Ms (https://pagead2.googlesyndication.com/pagead/js/adsbygoogle.js?client=ca-pub-9902783604679065:286:140)
    at <unknown> (https://pagead2.googlesyndication.com/pagead/js/adsbygoogle.js?client=ca-pub-9902783604679065:311:188)
    at r.na (https://pagead2.googlesyndication.com/pagead/js/adsbygoogle.js?client=ca-pub-9902783604679065:139:674)
    at el (https://pagead2.googlesyndication.com/pagead/js/adsbygoogle.js?client=ca-pub-9902783604679065:140:1134)
    at <unknown> (https://pagead2.googlesyndication.com/pagead/js/adsbygoogle.js?client=ca-pub-9902783604679065:309:857)
    at <unknown> (https://pagead2.googlesyndication.com/pagead/js/adsbygoogle.js?client=ca-pub-9902783604679065:311:247)
    at <unknown> (https://pagead2.googlesyndication.com/pagead/js/adsbygoogle.js?client=ca-pub-9902783604679065:312:4)
 GET / 200 in 147ms (next.js: 4ms, application-code: 144ms)
[browser] AdSense head tag doesn't support data-nscript attribute. (https://pagead2.googlesyndication.com/pagead/js/adsbygoogle.js?client=ca-pub-9902783604679065:289:320)
[browser] Uncaught TagError: adsbygoogle.push() error: Only one 'enable_page_level_ads' allowed per page.
    at wq (https://pagead2.googlesyndication.com/pagead/js/adsbygoogle.js?client=ca-pub-9902783604679065:243:145)
    at Ps (https://pagead2.googlesyndication.com/pagead/js/adsbygoogle.js?client=ca-pub-9902783604679065:287:465)
    at c (https://pagead2.googlesyndication.com/pagead/js/adsbygoogle.js?client=ca-pub-9902783604679065:288:93)
    at Rs (https://pagead2.googlesyndication.com/pagead/js/adsbygoogle.js?client=ca-pub-9902783604679065:288:213)
    at bt (https://pagead2.googlesyndication.com/pagead/js/adsbygoogle.js?client=ca-pub-9902783604679065:300:282)
    at Ss (https://pagead2.googlesyndication.com/pagead/js/adsbygoogle.js?client=ca-pub-9902783604679065:297:208)
    at <unknown> (https://pagead2.googlesyndication.com/pagead/js/adsbygoogle.js?client=ca-pub-9902783604679065:289:51)
    at r.na (https://pagead2.googlesyndication.com/pagead/js/adsbygoogle.js?client=ca-pub-9902783604679065:139:674)
    at el (https://pagead2.googlesyndication.com/pagead/js/adsbygoogle.js?client=ca-pub-9902783604679065:140:1134)
    at Ns (https://pagead2.googlesyndication.com/pagead/js/adsbygoogle.js?client=ca-pub-9902783604679065:289:33)
    at Ms (https://pagead2.googlesyndication.com/pagead/js/adsbygoogle.js?client=ca-pub-9902783604679065:286:140)
    at <unknown> (https://pagead2.googlesyndication.com/pagead/js/adsbygoogle.js?client=ca-pub-9902783604679065:311:188)
    at r.na (https://pagead2.googlesyndication.com/pagead/js/adsbygoogle.js?client=ca-pub-9902783604679065:139:674)
    at el (https://pagead2.googlesyndication.com/pagead/js/adsbygoogle.js?client=ca-pub-9902783604679065:140:1134)
    at <unknown> (https://pagead2.googlesyndication.com/pagead/js/adsbygoogle.js?client=ca-pub-9902783604679065:309:857)
    at <unknown> (https://pagead2.googlesyndication.com/pagead/js/adsbygoogle.js?client=ca-pub-9902783604679065:311:247)
    at <unknown> (https://pagead2.googlesyndication.com/pagead/js/adsbygoogle.js?client=ca-pub-9902783604679065:312:4)
 GET / 200 in 193ms (next.js: 7ms, application-code: 186ms)
[browser] AdSense head tag doesn't support data-nscript attribute. (https://pagead2.googlesyndication.com/pagead/js/adsbygoogle.js?client=ca-pub-9902783604679065:289:320)
[browser] Uncaught TagError: adsbygoogle.push() error: Only one 'enable_page_level_ads' allowed per page.
    at wq (https://pagead2.googlesyndication.com/pagead/js/adsbygoogle.js?client=ca-pub-9902783604679065:243:145)
    at Ps (https://pagead2.googlesyndication.com/pagead/js/adsbygoogle.js?client=ca-pub-9902783604679065:287:465)
    at c (https://pagead2.googlesyndication.com/pagead/js/adsbygoogle.js?client=ca-pub-9902783604679065:288:93)
    at Rs (https://pagead2.googlesyndication.com/pagead/js/adsbygoogle.js?client=ca-pub-9902783604679065:288:213)
    at bt (https://pagead2.googlesyndication.com/pagead/js/adsbygoogle.js?client=ca-pub-9902783604679065:300:282)
    at Ss (https://pagead2.googlesyndication.com/pagead/js/adsbygoogle.js?client=ca-pub-9902783604679065:297:208)
    at <unknown> (https://pagead2.googlesyndication.com/pagead/js/adsbygoogle.js?client=ca-pub-9902783604679065:289:51)
    at r.na (https://pagead2.googlesyndication.com/pagead/js/adsbygoogle.js?client=ca-pub-9902783604679065:139:674)
    at el (https://pagead2.googlesyndication.com/pagead/js/adsbygoogle.js?client=ca-pub-9902783604679065:140:1134)
    at Ns (https://pagead2.googlesyndication.com/pagead/js/adsbygoogle.js?client=ca-pub-9902783604679065:289:33)
    at Ms (https://pagead2.googlesyndication.com/pagead/js/adsbygoogle.js?client=ca-pub-9902783604679065:286:140)
    at <unknown> (https://pagead2.googlesyndication.com/pagead/js/adsbygoogle.js?client=ca-pub-9902783604679065:311:188)
    at r.na (https://pagead2.googlesyndication.com/pagead/js/adsbygoogle.js?client=ca-pub-9902783604679065:139:674)
    at el (https://pagead2.googlesyndication.com/pagead/js/adsbygoogle.js?client=ca-pub-9902783604679065:140:1134)
    at <unknown> (https://pagead2.googlesyndication.com/pagead/js/adsbygoogle.js?client=ca-pub-9902783604679065:309:857)
    at <unknown> (https://pagead2.googlesyndication.com/pagead/js/adsbygoogle.js?client=ca-pub-9902783604679065:311:247)
    at <unknown> (https://pagead2.googlesyndication.com/pagead/js/adsbygoogle.js?client=ca-pub-9902783604679065:312:4)
 GET / 200 in 187ms (next.js: 4ms, application-code: 183ms)
[browser] AdSense head tag doesn't support data-nscript attribute. (https://pagead2.googlesyndication.com/pagead/js/adsbygoogle.js?client=ca-pub-9902783604679065:289:320)
[browser] Uncaught TagError: adsbygoogle.push() error: Only one 'enable_page_level_ads' allowed per page.
    at wq (https://pagead2.googlesyndication.com/pagead/js/adsbygoogle.js?client=ca-pub-9902783604679065:243:145)
    at Ps (https://pagead2.googlesyndication.com/pagead/js/adsbygoogle.js?client=ca-pub-9902783604679065:287:465)
    at c (https://pagead2.googlesyndication.com/pagead/js/adsbygoogle.js?client=ca-pub-9902783604679065:288:93)
    at Rs (https://pagead2.googlesyndication.com/pagead/js/adsbygoogle.js?client=ca-pub-9902783604679065:288:213)
    at bt (https://pagead2.googlesyndication.com/pagead/js/adsbygoogle.js?client=ca-pub-9902783604679065:300:282)
    at Ss (https://pagead2.googlesyndication.com/pagead/js/adsbygoogle.js?client=ca-pub-9902783604679065:297:208)
    at <unknown> (https://pagead2.googlesyndication.com/pagead/js/adsbygoogle.js?client=ca-pub-9902783604679065:289:51)
    at r.na (https://pagead2.googlesyndication.com/pagead/js/adsbygoogle.js?client=ca-pub-9902783604679065:139:674)
    at el (https://pagead2.googlesyndication.com/pagead/js/adsbygoogle.js?client=ca-pub-9902783604679065:140:1134)
    at Ns (https://pagead2.googlesyndication.com/pagead/js/adsbygoogle.js?client=ca-pub-9902783604679065:289:33)
    at Ms (https://pagead2.googlesyndication.com/pagead/js/adsbygoogle.js?client=ca-pub-9902783604679065:286:140)
    at <unknown> (https://pagead2.googlesyndication.com/pagead/js/adsbygoogle.js?client=ca-pub-9902783604679065:311:188)
    at r.na (https://pagead2.googlesyndication.com/pagead/js/adsbygoogle.js?client=ca-pub-9902783604679065:139:674)
    at el (https://pagead2.googlesyndication.com/pagead/js/adsbygoogle.js?client=ca-pub-9902783604679065:140:1134)
    at <unknown> (https://pagead2.googlesyndication.com/pagead/js/adsbygoogle.js?client=ca-pub-9902783604679065:309:857)
    at <unknown> (https://pagead2.googlesyndication.com/pagead/js/adsbygoogle.js?client=ca-pub-9902783604679065:311:247)
    at <unknown> (https://pagead2.googlesyndication.com/pagead/js/adsbygoogle.js?client=ca-pub-9902783604679065:312:4)
 GET / 200 in 170ms (next.js: 4ms, application-code: 167ms)
[browser] AdSense head tag doesn't support data-nscript attribute. (https://pagead2.googlesyndication.com/pagead/js/adsbygoogle.js?client=ca-pub-9902783604679065:289:320)
[browser] Uncaught TagError: adsbygoogle.push() error: Only one 'enable_page_level_ads' allowed per page.
    at wq (https://pagead2.googlesyndication.com/pagead/js/adsbygoogle.js?client=ca-pub-9902783604679065:243:145)
    at Ps (https://pagead2.googlesyndication.com/pagead/js/adsbygoogle.js?client=ca-pub-9902783604679065:287:465)
    at c (https://pagead2.googlesyndication.com/pagead/js/adsbygoogle.js?client=ca-pub-9902783604679065:288:93)
    at Rs (https://pagead2.googlesyndication.com/pagead/js/adsbygoogle.js?client=ca-pub-9902783604679065:288:213)
    at bt (https://pagead2.googlesyndication.com/pagead/js/adsbygoogle.js?client=ca-pub-9902783604679065:300:282)
    at Ss (https://pagead2.googlesyndication.com/pagead/js/adsbygoogle.js?client=ca-pub-9902783604679065:297:208)
    at <unknown> (https://pagead2.googlesyndication.com/pagead/js/adsbygoogle.js?client=ca-pub-9902783604679065:289:51)
    at r.na (https://pagead2.googlesyndication.com/pagead/js/adsbygoogle.js?client=ca-pub-9902783604679065:139:674)
    at el (https://pagead2.googlesyndication.com/pagead/js/adsbygoogle.js?client=ca-pub-9902783604679065:140:1134)
    at Ns (https://pagead2.googlesyndication.com/pagead/js/adsbygoogle.js?client=ca-pub-9902783604679065:289:33)
    at Ms (https://pagead2.googlesyndication.com/pagead/js/adsbygoogle.js?client=ca-pub-9902783604679065:286:140)
    at <unknown> (https://pagead2.googlesyndication.com/pagead/js/adsbygoogle.js?client=ca-pub-9902783604679065:311:188)
    at r.na (https://pagead2.googlesyndication.com/pagead/js/adsbygoogle.js?client=ca-pub-9902783604679065:139:674)
    at el (https://pagead2.googlesyndication.com/pagead/js/adsbygoogle.js?client=ca-pub-9902783604679065:140:1134)
    at <unknown> (https://pagead2.googlesyndication.com/pagead/js/adsbygoogle.js?client=ca-pub-9902783604679065:309:857)
    at <unknown> (https://pagead2.googlesyndication.com/pagead/js/adsbygoogle.js?client=ca-pub-9902783604679065:311:247)
    at <unknown> (https://pagead2.googlesyndication.com/pagead/js/adsbygoogle.js?client=ca-pub-9902783604679065:312:4)
